[2017-03-18 12:59:42.362] [INFO] pomelo - [32m[D:\chessProject\servers\game-server\node_modules\pomelo\lib\application.js] [39mapplication inited: "connector-server-1"
[2017-03-18 12:59:42.721] [INFO] pomelo - [32m[D:\chessProject\servers\game-server\node_modules\pomelo\lib\application.js] [39m"connector-server-1" enter after start...
[2017-03-18 12:59:42.724] [INFO] pomelo - [32m[D:\chessProject\servers\game-server\node_modules\pomelo\lib\application.js] [39m"connector-server-1" finish start
[2017-03-18 12:59:42.734] [INFO] pomelo - [32m[D:\chessProject\servers\game-server\node_modules\pomelo\lib\application.js] [39m"connector-server-1" startup in 324 ms
[2017-03-18 13:00:45.715] [DEBUG] pomelo - [36m[D:\chessProject\servers\game-server\node_modules\pomelo\lib\components\connector.js] [39m[connector-server-1] getSession session is created with session id: 1
[2017-03-18 13:00:45.738] [DEBUG] pomelo - [36m[D:\chessProject\servers\game-server\node_modules\pomelo\lib\components\connector.js] [39m[connector-server-1] handleMessage session id: 1, msg: {"id":1,"type":0,"compressRoute":0,"route":"connector.entryHandler.entry","body":"hello pomelo","compressGzip":0}
[2017-03-18 13:00:45.743] [DEBUG] pomelo - [36m[D:\chessProject\servers\game-server\node_modules\pomelo\lib\components\connector.js] [39m[connector-server-1] send message reqId: 1, route: connector.entryHandler.entry, msg: {"code":200,"msg":"game server is ok."}, receivers: [1], opts: {"type":"response","userOptions":{},"isResponse":true}
[2017-03-18 13:01:59.209] [DEBUG] pomelo - [36m[D:\chessProject\servers\game-server\node_modules\pomelo\lib\common\service\sessionService.js] [39msession on [connector-server-1] is closed with session id: 1
[2017-03-18 13:02:08.235] [DEBUG] pomelo - [36m[D:\chessProject\servers\game-server\node_modules\pomelo\lib\components\connector.js] [39m[connector-server-1] getSession session is created with session id: 2
[2017-03-18 13:02:08.244] [DEBUG] pomelo - [36m[D:\chessProject\servers\game-server\node_modules\pomelo\lib\components\connector.js] [39m[connector-server-1] handleMessage session id: 2, msg: {"id":1,"type":0,"compressRoute":0,"route":"connector.entryHandler.entry","body":"hello pomelo","compressGzip":0}
[2017-03-18 13:02:08.244] [DEBUG] pomelo - [36m[D:\chessProject\servers\game-server\node_modules\pomelo\lib\components\connector.js] [39m[connector-server-1] send message reqId: 1, route: connector.entryHandler.entry, msg: {"code":200,"msg":"game server is ok."}, receivers: [2], opts: {"type":"response","userOptions":{},"isResponse":true}
[2017-03-18 13:02:14.242] [INFO] pomelo - [32m[D:\chessProject\servers\game-server\node_modules\pomelo\lib\connectors\commands\heartbeat.js] [39mclient 2 heartbeat timeout.
[2017-03-18 13:02:14.243] [DEBUG] pomelo - [36m[D:\chessProject\servers\game-server\node_modules\pomelo\lib\common\service\sessionService.js] [39msession on [connector-server-1] is closed with session id: 2
[2017-03-18 13:03:28.772] [INFO] pomelo - [32m[D:\chessProject\servers\game-server\node_modules\pomelo\lib\application.js] [39mapplication inited: "connector-server-1"
[2017-03-18 13:03:29.136] [INFO] pomelo - [32m[D:\chessProject\servers\game-server\node_modules\pomelo\lib\application.js] [39m"connector-server-1" enter after start...
[2017-03-18 13:03:29.140] [INFO] pomelo - [32m[D:\chessProject\servers\game-server\node_modules\pomelo\lib\application.js] [39m"connector-server-1" finish start
[2017-03-18 13:03:29.148] [INFO] pomelo - [32m[D:\chessProject\servers\game-server\node_modules\pomelo\lib\application.js] [39m"connector-server-1" startup in 329 ms
[2017-03-18 13:03:33.120] [DEBUG] pomelo - [36m[D:\chessProject\servers\game-server\node_modules\pomelo\lib\components\connector.js] [39m[connector-server-1] getSession session is created with session id: 1
[2017-03-18 13:03:33.140] [DEBUG] pomelo - [36m[D:\chessProject\servers\game-server\node_modules\pomelo\lib\components\connector.js] [39m[connector-server-1] handleMessage session id: 1, msg: {"id":1,"type":0,"compressRoute":0,"route":"connector.entryHandler.entry","body":"hello pomelo","compressGzip":0}
[2017-03-18 13:03:33.142] [DEBUG] pomelo - [36m[D:\chessProject\servers\game-server\node_modules\pomelo\lib\components\connector.js] [39m[connector-server-1] send message reqId: 1, route: connector.entryHandler.entry, msg: {"code":200,"msg":"game server is ok."}, receivers: [1], opts: {"type":"response","userOptions":{},"isResponse":true}
[2017-03-18 13:03:39.139] [INFO] pomelo - [32m[D:\chessProject\servers\game-server\node_modules\pomelo\lib\connectors\commands\heartbeat.js] [39mclient 1 heartbeat timeout.
[2017-03-18 13:03:39.141] [DEBUG] pomelo - [36m[D:\chessProject\servers\game-server\node_modules\pomelo\lib\common\service\sessionService.js] [39msession on [connector-server-1] is closed with session id: 1
[2017-03-18 14:08:58.455] [DEBUG] pomelo - [36m[D:\chessProject\servers\game-server\node_modules\pomelo\lib\components\connector.js] [39m[connector-server-1] getSession session is created with session id: 2
[2017-03-18 14:08:58.463] [DEBUG] pomelo - [36m[D:\chessProject\servers\game-server\node_modules\pomelo\lib\components\connector.js] [39m[connector-server-1] handleMessage session id: 2, msg: {"id":2,"type":0,"compressRoute":0,"route":"connector.entryHandler.entry","body":"hello pomelo","compressGzip":0}
[2017-03-18 14:08:58.464] [DEBUG] pomelo - [36m[D:\chessProject\servers\game-server\node_modules\pomelo\lib\components\connector.js] [39m[connector-server-1] send message reqId: 2, route: connector.entryHandler.entry, msg: {"code":200,"msg":"game server is ok."}, receivers: [2], opts: {"type":"response","userOptions":{},"isResponse":true}
[2017-03-18 14:09:33.387] [INFO] pomelo - [32m[D:\chessProject\servers\game-server\node_modules\pomelo\lib\application.js] [39mapplication inited: "connector-server-1"
[2017-03-18 14:09:33.766] [INFO] pomelo - [32m[D:\chessProject\servers\game-server\node_modules\pomelo\lib\application.js] [39m"connector-server-1" enter after start...
[2017-03-18 14:09:33.769] [INFO] pomelo - [32m[D:\chessProject\servers\game-server\node_modules\pomelo\lib\application.js] [39m"connector-server-1" finish start
[2017-03-18 14:09:33.769] [INFO] pomelo - [32m[D:\chessProject\servers\game-server\node_modules\pomelo\lib\application.js] [39m"connector-server-1" startup in 331 ms
[2017-03-18 14:10:17.841] [DEBUG] pomelo - [36m[D:\chessProject\servers\game-server\node_modules\pomelo\lib\components\connector.js] [39m[connector-server-1] getSession session is created with session id: 1
[2017-03-18 14:10:17.854] [DEBUG] pomelo - [36m[D:\chessProject\servers\game-server\node_modules\pomelo\lib\components\connector.js] [39m[connector-server-1] handleMessage session id: 1, msg: {"id":1,"type":0,"compressRoute":0,"route":"connector.entryHandler.entry","body":"hello pomelo","compressGzip":0}
[2017-03-18 20:22:01.960] [DEBUG] pomelo - [36m[D:\chessProject\servers\game-server\node_modules\pomelo\lib\components\connector.js] [39m[connector-server-1] send message reqId: 1, route: connector.entryHandler.entry, msg: {"code":200,"msg":"game server is ok."}, receivers: [1], opts: {"type":"response","userOptions":{},"isResponse":true}
[2017-03-18 20:22:01.965] [INFO] pomelo - [32m[D:\chessProject\servers\game-server\node_modules\pomelo\lib\connectors\commands\heartbeat.js] [39mclient 1 heartbeat timeout.
[2017-03-18 20:22:01.966] [DEBUG] pomelo - [36m[D:\chessProject\servers\game-server\node_modules\pomelo\lib\common\service\sessionService.js] [39msession on [connector-server-1] is closed with session id: 1
[2017-03-18 20:22:01.985] [ERROR] pomelo - [31m[D:\chessProject\servers\game-server\node_modules\pomelo\lib\connectors\hybridsocket.js] [39mwebsocket send binary data failed: "Error: This socket has been ended by the other party\n    at Socket.writeAfterFIN [as write] (net.js:284:12)\n    at Sender.frameAndSend (D:\\chessProject\\servers\\game-server\\node_modules\\pomelo\\node_modules\\ws\\lib\\Sender.js:232:22)\n    at D:\\chessProject\\servers\\game-server\\node_modules\\pomelo\\node_modules\\ws\\lib\\Sender.js:126:12\n    at D:\\chessProject\\servers\\game-server\\node_modules\\pomelo\\node_modules\\ws\\lib\\PerMessageDeflate.js:313:5\n    at afterWrite (_stream_writable.js:354:3)\n    at onwrite (_stream_writable.js:345:7)\n    at WritableState.onwrite (_stream_writable.js:89:5)\n    at afterTransform (_stream_transform.js:79:3)\n    at TransformState.afterTransform (_stream_transform.js:54:12)\n    at Zlib.callback (zlib.js:615:5)"
[2017-03-18 20:22:08.740] [DEBUG] pomelo - [36m[D:\chessProject\servers\game-server\node_modules\pomelo\lib\components\connector.js] [39m[connector-server-1] getSession session is created with session id: 2
[2017-03-18 20:22:08.748] [DEBUG] pomelo - [36m[D:\chessProject\servers\game-server\node_modules\pomelo\lib\components\connector.js] [39m[connector-server-1] handleMessage session id: 2, msg: {"id":2,"type":0,"compressRoute":0,"route":"connector.entryHandler.entry","body":"hello pomelo","compressGzip":0}
[2017-03-18 20:22:08.749] [DEBUG] pomelo - [36m[D:\chessProject\servers\game-server\node_modules\pomelo\lib\components\connector.js] [39m[connector-server-1] send message reqId: 2, route: connector.entryHandler.entry, msg: {"code":200,"msg":"game server is ok."}, receivers: [2], opts: {"type":"response","userOptions":{},"isResponse":true}
[2017-03-18 20:22:11.279] [DEBUG] pomelo - [36m[D:\chessProject\servers\game-server\node_modules\pomelo\lib\components\connector.js] [39m[connector-server-1] getSession session is created with session id: 3
[2017-03-18 20:22:11.286] [DEBUG] pomelo - [36m[D:\chessProject\servers\game-server\node_modules\pomelo\lib\components\connector.js] [39m[connector-server-1] handleMessage session id: 3, msg: {"id":3,"type":0,"compressRoute":0,"route":"connector.entryHandler.entry","body":"hello pomelo","compressGzip":0}
[2017-03-18 20:22:11.287] [DEBUG] pomelo - [36m[D:\chessProject\servers\game-server\node_modules\pomelo\lib\components\connector.js] [39m[connector-server-1] send message reqId: 3, route: connector.entryHandler.entry, msg: {"code":200,"msg":"game server is ok."}, receivers: [3], opts: {"type":"response","userOptions":{},"isResponse":true}
[2017-03-18 20:22:14.748] [INFO] pomelo - [32m[D:\chessProject\servers\game-server\node_modules\pomelo\lib\connectors\commands\heartbeat.js] [39mclient 2 heartbeat timeout.
[2017-03-18 20:22:14.749] [DEBUG] pomelo - [36m[D:\chessProject\servers\game-server\node_modules\pomelo\lib\common\service\sessionService.js] [39msession on [connector-server-1] is closed with session id: 2
[2017-03-20 23:03:45.122] [INFO] pomelo - [32m[D:\chessProject\servers\game-server\node_modules\pomelo\lib\application.js] [39mapplication inited: "connector-server-1"
[2017-03-20 23:04:34.827] [INFO] pomelo - [32m[D:\chessProject\servers\game-server\node_modules\pomelo\lib\application.js] [39mapplication inited: "connector-server-1"
[2017-03-20 23:05:38.036] [INFO] pomelo - [32m[D:\chessProject\servers\game-server\node_modules\pomelo\lib\application.js] [39mapplication inited: "connector-server-1"
[2017-03-20 23:06:44.323] [INFO] pomelo - [32m[D:\chessProject\servers\game-server\node_modules\pomelo\lib\application.js] [39mapplication inited: "connector-server-1"
[2017-03-20 23:08:28.395] [INFO] pomelo - [32m[D:\chessProject\servers\game-server\node_modules\pomelo\lib\application.js] [39mapplication inited: "connector-server-1"
[2017-03-20 23:09:15.122] [INFO] pomelo - [32m[D:\chessProject\servers\game-server\node_modules\pomelo\lib\application.js] [39mapplication inited: "connector-server-1"
[2017-03-20 23:09:15.543] [INFO] pomelo - [32m[D:\chessProject\servers\game-server\node_modules\pomelo\lib\application.js] [39m"connector-server-1" enter after start...
[2017-03-20 23:09:15.546] [INFO] pomelo - [32m[D:\chessProject\servers\game-server\node_modules\pomelo\lib\application.js] [39m"connector-server-1" finish start
[2017-03-20 23:09:15.546] [INFO] pomelo - [32m[D:\chessProject\servers\game-server\node_modules\pomelo\lib\application.js] [39m"connector-server-1" startup in 372 ms
[2017-03-20 23:10:20.731] [INFO] pomelo - [32m[D:\chessProject\servers\game-server\node_modules\pomelo\lib\application.js] [39mapplication inited: "connector-server-1"
[2017-03-20 23:10:21.141] [INFO] pomelo - [32m[D:\chessProject\servers\game-server\node_modules\pomelo\lib\application.js] [39m"connector-server-1" enter after start...
[2017-03-20 23:10:21.145] [INFO] pomelo - [32m[D:\chessProject\servers\game-server\node_modules\pomelo\lib\application.js] [39m"connector-server-1" finish start
[2017-03-20 23:10:21.145] [INFO] pomelo - [32m[D:\chessProject\servers\game-server\node_modules\pomelo\lib\application.js] [39m"connector-server-1" startup in 363 ms
[2017-03-20 23:11:04.604] [INFO] pomelo - [32m[D:\chessProject\servers\game-server\node_modules\pomelo\lib\application.js] [39mapplication inited: "connector-server-1"
[2017-03-20 23:11:05.012] [INFO] pomelo - [32m[D:\chessProject\servers\game-server\node_modules\pomelo\lib\application.js] [39m"connector-server-1" enter after start...
[2017-03-20 23:11:05.015] [INFO] pomelo - [32m[D:\chessProject\servers\game-server\node_modules\pomelo\lib\application.js] [39m"connector-server-1" finish start
[2017-03-20 23:11:05.015] [INFO] pomelo - [32m[D:\chessProject\servers\game-server\node_modules\pomelo\lib\application.js] [39m"connector-server-1" startup in 358 ms
[2017-03-20 23:12:20.217] [INFO] pomelo - [32m[D:\chessProject\servers\game-server\node_modules\pomelo\lib\application.js] [39mapplication inited: "connector-server-1"
[2017-03-20 23:12:20.625] [INFO] pomelo - [32m[D:\chessProject\servers\game-server\node_modules\pomelo\lib\application.js] [39m"connector-server-1" enter after start...
[2017-03-20 23:12:20.629] [INFO] pomelo - [32m[D:\chessProject\servers\game-server\node_modules\pomelo\lib\application.js] [39m"connector-server-1" finish start
[2017-03-20 23:12:20.629] [INFO] pomelo - [32m[D:\chessProject\servers\game-server\node_modules\pomelo\lib\application.js] [39m"connector-server-1" startup in 358 ms
[2017-03-20 23:12:45.719] [INFO] pomelo - [32m[D:\chessProject\servers\game-server\node_modules\pomelo\lib\application.js] [39mapplication inited: "connector-server-1"
[2017-03-20 23:12:46.123] [INFO] pomelo - [32m[D:\chessProject\servers\game-server\node_modules\pomelo\lib\application.js] [39m"connector-server-1" enter after start...
[2017-03-20 23:12:46.126] [INFO] pomelo - [32m[D:\chessProject\servers\game-server\node_modules\pomelo\lib\application.js] [39m"connector-server-1" finish start
[2017-03-20 23:12:46.126] [INFO] pomelo - [32m[D:\chessProject\servers\game-server\node_modules\pomelo\lib\application.js] [39m"connector-server-1" startup in 355 ms
[2017-03-20 23:13:37.416] [INFO] pomelo - [32m[D:\chessProject\servers\game-server\node_modules\pomelo\lib\application.js] [39mapplication inited: "connector-server-1"
[2017-03-20 23:13:37.825] [INFO] pomelo - [32m[D:\chessProject\servers\game-server\node_modules\pomelo\lib\application.js] [39m"connector-server-1" enter after start...
[2017-03-20 23:13:37.828] [INFO] pomelo - [32m[D:\chessProject\servers\game-server\node_modules\pomelo\lib\application.js] [39m"connector-server-1" finish start
[2017-03-20 23:13:37.828] [INFO] pomelo - [32m[D:\chessProject\servers\game-server\node_modules\pomelo\lib\application.js] [39m"connector-server-1" startup in 361 ms
[2017-03-20 23:13:38.915] [DEBUG] pomelo - [36m[D:\chessProject\servers\game-server\node_modules\pomelo\lib\modules\monitorwatcher.js] [39m[connector-server-1] receive addServer signal: {"action":"addServer","server":{"main":"D:\\chessProject\\servers\\game-server\\app.js","env":"development","id":"gate-server-1","host":"127.0.0.1","clientHost":"127.0.0.1","clientPort":3014,"frontend":"true","args":"--debug=3122","serverType":"gate"}}
[2017-03-20 23:18:09.264] [INFO] pomelo - [32m[D:\chessProject\servers\game-server\node_modules\pomelo\lib\application.js] [39mapplication inited: "connector-server-1"
[2017-03-20 23:18:23.327] [INFO] pomelo - [32m[D:\chessProject\servers\game-server\node_modules\pomelo\lib\application.js] [39mapplication inited: "connector-server-1"
[2017-03-20 23:18:23.734] [INFO] pomelo - [32m[D:\chessProject\servers\game-server\node_modules\pomelo\lib\application.js] [39m"connector-server-1" enter after start...
[2017-03-20 23:18:23.737] [INFO] pomelo - [32m[D:\chessProject\servers\game-server\node_modules\pomelo\lib\application.js] [39m"connector-server-1" finish start
[2017-03-20 23:18:23.737] [INFO] pomelo - [32m[D:\chessProject\servers\game-server\node_modules\pomelo\lib\application.js] [39m"connector-server-1" startup in 360 ms
[2017-03-20 23:18:23.810] [DEBUG] pomelo - [36m[D:\chessProject\servers\game-server\node_modules\pomelo\lib\modules\monitorwatcher.js] [39m[connector-server-1] receive addServer signal: {"action":"addServer","server":{"main":"D:\\chessProject\\servers\\game-server\\app.js","env":"development","id":"gate-server-1","host":"127.0.0.1","clientHost":"127.0.0.1","clientPort":3014,"frontend":"true","args":"--debug=3122","serverType":"gate","pid":6504}}
[2017-03-20 23:26:26.235] [INFO] pomelo - [32m[D:\chessProject\servers\game-server\node_modules\pomelo\lib\application.js] [39mapplication inited: "connector-server-1"
[2017-03-20 23:26:26.642] [INFO] pomelo - [32m[D:\chessProject\servers\game-server\node_modules\pomelo\lib\application.js] [39m"connector-server-1" enter after start...
[2017-03-20 23:26:26.645] [INFO] pomelo - [32m[D:\chessProject\servers\game-server\node_modules\pomelo\lib\application.js] [39m"connector-server-1" finish start
[2017-03-20 23:26:26.646] [INFO] pomelo - [32m[D:\chessProject\servers\game-server\node_modules\pomelo\lib\application.js] [39m"connector-server-1" startup in 359 ms
[2017-03-20 23:26:26.716] [DEBUG] pomelo - [36m[D:\chessProject\servers\game-server\node_modules\pomelo\lib\modules\monitorwatcher.js] [39m[connector-server-1] receive addServer signal: {"action":"addServer","server":{"main":"D:\\chessProject\\servers\\game-server\\app.js","env":"development","id":"gate-server-1","host":"127.0.0.1","clientHost":"127.0.0.1","clientPort":3014,"frontend":"true","args":"--debug=3122","serverType":"gate","pid":5472}}
[2017-03-20 23:27:00.951] [INFO] pomelo - [32m[D:\chessProject\servers\game-server\node_modules\pomelo\lib\application.js] [39mapplication inited: "connector-server-1"
[2017-03-20 23:27:01.325] [INFO] pomelo - [32m[D:\chessProject\servers\game-server\node_modules\pomelo\lib\application.js] [39m"connector-server-1" enter after start...
[2017-03-20 23:27:01.328] [INFO] pomelo - [32m[D:\chessProject\servers\game-server\node_modules\pomelo\lib\application.js] [39m"connector-server-1" finish start
[2017-03-20 23:27:01.329] [INFO] pomelo - [32m[D:\chessProject\servers\game-server\node_modules\pomelo\lib\application.js] [39m"connector-server-1" startup in 329 ms
[2017-03-20 23:27:22.644] [INFO] pomelo - [32m[D:\chessProject\servers\game-server\node_modules\pomelo\lib\application.js] [39mapplication inited: "connector-server-1"
[2017-03-20 23:27:23.016] [INFO] pomelo - [32m[D:\chessProject\servers\game-server\node_modules\pomelo\lib\application.js] [39m"connector-server-1" enter after start...
[2017-03-20 23:27:23.019] [INFO] pomelo - [32m[D:\chessProject\servers\game-server\node_modules\pomelo\lib\application.js] [39m"connector-server-1" finish start
[2017-03-20 23:27:23.020] [INFO] pomelo - [32m[D:\chessProject\servers\game-server\node_modules\pomelo\lib\application.js] [39m"connector-server-1" startup in 325 ms
[2017-03-20 23:27:42.903] [INFO] pomelo - [32m[D:\chessProject\servers\game-server\node_modules\pomelo\lib\application.js] [39mapplication inited: "connector-server-1"
[2017-03-20 23:27:43.309] [INFO] pomelo - [32m[D:\chessProject\servers\game-server\node_modules\pomelo\lib\application.js] [39m"connector-server-1" enter after start...
[2017-03-20 23:27:43.313] [INFO] pomelo - [32m[D:\chessProject\servers\game-server\node_modules\pomelo\lib\application.js] [39m"connector-server-1" finish start
[2017-03-20 23:27:43.313] [INFO] pomelo - [32m[D:\chessProject\servers\game-server\node_modules\pomelo\lib\application.js] [39m"connector-server-1" startup in 359 ms
[2017-03-20 23:27:43.376] [DEBUG] pomelo - [36m[D:\chessProject\servers\game-server\node_modules\pomelo\lib\modules\monitorwatcher.js] [39m[connector-server-1] receive addServer signal: {"action":"addServer","server":{"main":"D:\\chessProject\\servers\\game-server\\app.js","env":"development","id":"gate-server-1","host":"127.0.0.1","clientHost":"127.0.0.1","clientPort":3014,"frontend":"true","args":"--debug=3122","serverType":"gate","pid":6060}}
[2017-03-20 23:42:03.563] [INFO] pomelo - [32m[D:\chessProject\servers\game-server\node_modules\pomelo\lib\application.js] [39mapplication inited: "connector-server-1"
[2017-03-20 23:42:03.974] [INFO] pomelo - [32m[D:\chessProject\servers\game-server\node_modules\pomelo\lib\application.js] [39m"connector-server-1" enter after start...
[2017-03-20 23:42:03.977] [INFO] pomelo - [32m[D:\chessProject\servers\game-server\node_modules\pomelo\lib\application.js] [39m"connector-server-1" finish start
[2017-03-20 23:42:03.977] [INFO] pomelo - [32m[D:\chessProject\servers\game-server\node_modules\pomelo\lib\application.js] [39m"connector-server-1" startup in 363 ms
[2017-03-20 23:42:04.066] [DEBUG] pomelo - [36m[D:\chessProject\servers\game-server\node_modules\pomelo\lib\modules\monitorwatcher.js] [39m[connector-server-1] receive addServer signal: {"action":"addServer","server":{"main":"D:\\chessProject\\servers\\game-server\\app.js","env":"development","id":"gate-server-1","host":"127.0.0.1","clientHost":"127.0.0.1","clientPort":3014,"frontend":"true","args":"--debug=3122","serverType":"gate","pid":3684}}
[2017-03-20 23:42:51.474] [INFO] pomelo - [32m[D:\chessProject\servers\game-server\node_modules\pomelo\lib\application.js] [39mapplication inited: "connector-server-1"
[2017-03-20 23:42:51.910] [INFO] pomelo - [32m[D:\chessProject\servers\game-server\node_modules\pomelo\lib\application.js] [39m"connector-server-1" enter after start...
[2017-03-20 23:42:51.913] [INFO] pomelo - [32m[D:\chessProject\servers\game-server\node_modules\pomelo\lib\application.js] [39m"connector-server-1" finish start
[2017-03-20 23:42:51.913] [INFO] pomelo - [32m[D:\chessProject\servers\game-server\node_modules\pomelo\lib\application.js] [39m"connector-server-1" startup in 389 ms
[2017-03-20 23:42:52.678] [DEBUG] pomelo - [36m[D:\chessProject\servers\game-server\node_modules\pomelo\lib\modules\monitorwatcher.js] [39m[connector-server-1] receive addServer signal: {"action":"addServer","server":{"main":"D:\\chessProject\\servers\\game-server\\app.js","env":"development","id":"gate-server-1","host":"127.0.0.1","clientHost":"127.0.0.1","clientPort":3014,"frontend":"true","args":"--debug=3122","serverType":"gate","pid":5884}}
[2017-03-20 23:44:19.398] [INFO] pomelo - [32m[D:\chessProject\servers\game-server\node_modules\pomelo\lib\application.js] [39mapplication inited: "connector-server-1"
[2017-03-20 23:44:19.819] [INFO] pomelo - [32m[D:\chessProject\servers\game-server\node_modules\pomelo\lib\application.js] [39m"connector-server-1" enter after start...
[2017-03-20 23:44:19.822] [INFO] pomelo - [32m[D:\chessProject\servers\game-server\node_modules\pomelo\lib\application.js] [39m"connector-server-1" finish start
[2017-03-20 23:44:19.822] [INFO] pomelo - [32m[D:\chessProject\servers\game-server\node_modules\pomelo\lib\application.js] [39m"connector-server-1" startup in 348 ms
[2017-03-20 23:44:21.319] [DEBUG] pomelo - [36m[D:\chessProject\servers\game-server\node_modules\pomelo\lib\modules\monitorwatcher.js] [39m[connector-server-1] receive addServer signal: {"action":"addServer","server":{"main":"D:\\chessProject\\servers\\game-server\\app.js","env":"development","id":"gate-server-1","host":"127.0.0.1","clientHost":"127.0.0.1","clientPort":3014,"frontend":"true","args":"--debug=3122","serverType":"gate","pid":7076}}
[2017-03-20 23:53:38.382] [INFO] pomelo - [32m[D:\chessProject\servers\game-server\node_modules\pomelo\lib\application.js] [39mapplication inited: "connector-server-1"
[2017-03-20 23:53:38.786] [INFO] pomelo - [32m[D:\chessProject\servers\game-server\node_modules\pomelo\lib\application.js] [39m"connector-server-1" enter after start...
[2017-03-20 23:53:38.789] [INFO] pomelo - [32m[D:\chessProject\servers\game-server\node_modules\pomelo\lib\application.js] [39m"connector-server-1" finish start
[2017-03-20 23:53:38.789] [INFO] pomelo - [32m[D:\chessProject\servers\game-server\node_modules\pomelo\lib\application.js] [39m"connector-server-1" startup in 356 ms
[2017-03-20 23:53:38.880] [DEBUG] pomelo - [36m[D:\chessProject\servers\game-server\node_modules\pomelo\lib\modules\monitorwatcher.js] [39m[connector-server-1] receive addServer signal: {"action":"addServer","server":{"main":"D:\\chessProject\\servers\\game-server\\app.js","env":"development","id":"gate-server-1","host":"127.0.0.1","clientHost":"127.0.0.1","clientPort":3014,"frontend":"true","args":"--debug=3122","serverType":"gate","pid":5932}}
[2017-03-20 23:54:11.014] [INFO] pomelo - [32m[D:\chessProject\servers\game-server\node_modules\pomelo\lib\application.js] [39mapplication inited: "connector-server-1"
[2017-03-20 23:54:11.422] [INFO] pomelo - [32m[D:\chessProject\servers\game-server\node_modules\pomelo\lib\application.js] [39m"connector-server-1" enter after start...
[2017-03-20 23:54:11.426] [INFO] pomelo - [32m[D:\chessProject\servers\game-server\node_modules\pomelo\lib\application.js] [39m"connector-server-1" finish start
[2017-03-20 23:54:11.426] [INFO] pomelo - [32m[D:\chessProject\servers\game-server\node_modules\pomelo\lib\application.js] [39m"connector-server-1" startup in 362 ms
[2017-03-20 23:54:11.498] [DEBUG] pomelo - [36m[D:\chessProject\servers\game-server\node_modules\pomelo\lib\modules\monitorwatcher.js] [39m[connector-server-1] receive addServer signal: {"action":"addServer","server":{"main":"D:\\chessProject\\servers\\game-server\\app.js","env":"development","id":"gate-server-1","host":"127.0.0.1","clientHost":"127.0.0.1","clientPort":3014,"frontend":"true","args":"--debug=3122","serverType":"gate","pid":5764}}
[2017-03-20 23:55:11.886] [INFO] pomelo - [32m[D:\chessProject\servers\game-server\node_modules\pomelo\lib\application.js] [39mapplication inited: "connector-server-1"
[2017-03-20 23:55:12.295] [INFO] pomelo - [32m[D:\chessProject\servers\game-server\node_modules\pomelo\lib\application.js] [39m"connector-server-1" enter after start...
[2017-03-20 23:55:12.298] [INFO] pomelo - [32m[D:\chessProject\servers\game-server\node_modules\pomelo\lib\application.js] [39m"connector-server-1" finish start
[2017-03-20 23:55:12.299] [INFO] pomelo - [32m[D:\chessProject\servers\game-server\node_modules\pomelo\lib\application.js] [39m"connector-server-1" startup in 361 ms
[2017-03-20 23:55:12.392] [DEBUG] pomelo - [36m[D:\chessProject\servers\game-server\node_modules\pomelo\lib\modules\monitorwatcher.js] [39m[connector-server-1] receive addServer signal: {"action":"addServer","server":{"main":"D:\\chessProject\\servers\\game-server\\app.js","env":"development","id":"gate-server-1","host":"127.0.0.1","clientHost":"127.0.0.1","clientPort":3014,"frontend":"true","args":"--debug=3122","serverType":"gate","pid":5552}}
[2017-03-20 23:56:02.988] [INFO] pomelo - [32m[D:\chessProject\servers\game-server\node_modules\pomelo\lib\application.js] [39mapplication inited: "connector-server-1"
[2017-03-20 23:56:03.417] [INFO] pomelo - [32m[D:\chessProject\servers\game-server\node_modules\pomelo\lib\application.js] [39m"connector-server-1" enter after start...
[2017-03-20 23:56:03.420] [INFO] pomelo - [32m[D:\chessProject\servers\game-server\node_modules\pomelo\lib\application.js] [39m"connector-server-1" finish start
[2017-03-20 23:56:03.421] [INFO] pomelo - [32m[D:\chessProject\servers\game-server\node_modules\pomelo\lib\application.js] [39m"connector-server-1" startup in 378 ms
[2017-03-20 23:56:05.051] [DEBUG] pomelo - [36m[D:\chessProject\servers\game-server\node_modules\pomelo\lib\modules\monitorwatcher.js] [39m[connector-server-1] receive addServer signal: {"action":"addServer","server":{"main":"D:\\chessProject\\servers\\game-server\\app.js","env":"development","id":"gate-server-1","host":"127.0.0.1","clientHost":"127.0.0.1","clientPort":3014,"frontend":"true","args":"--debug=3122","serverType":"gate","pid":7152}}
[2017-03-20 23:58:28.326] [INFO] pomelo - [32m[D:\chessProject\servers\game-server\node_modules\pomelo\lib\application.js] [39mapplication inited: "connector-server-1"
[2017-03-20 23:58:28.731] [INFO] pomelo - [32m[D:\chessProject\servers\game-server\node_modules\pomelo\lib\application.js] [39m"connector-server-1" enter after start...
[2017-03-20 23:58:28.734] [INFO] pomelo - [32m[D:\chessProject\servers\game-server\node_modules\pomelo\lib\application.js] [39m"connector-server-1" finish start
[2017-03-20 23:58:28.735] [INFO] pomelo - [32m[D:\chessProject\servers\game-server\node_modules\pomelo\lib\application.js] [39m"connector-server-1" startup in 353 ms
[2017-03-20 23:58:30.297] [DEBUG] pomelo - [36m[D:\chessProject\servers\game-server\node_modules\pomelo\lib\modules\monitorwatcher.js] [39m[connector-server-1] receive addServer signal: {"action":"addServer","server":{"main":"D:\\chessProject\\servers\\game-server\\app.js","env":"development","id":"gate-server-1","host":"127.0.0.1","clientHost":"127.0.0.1","clientPort":3014,"frontend":"true","args":"--debug=3122","serverType":"gate","pid":1264}}
[2017-03-21 00:02:01.964] [INFO] pomelo - [32m[D:\chessProject\servers\game-server\node_modules\pomelo\lib\application.js] [39mapplication inited: "connector-server-1"
[2017-03-21 00:02:49.783] [INFO] pomelo - [32m[D:\chessProject\servers\game-server\node_modules\pomelo\lib\application.js] [39mapplication inited: "connector-server-1"
[2017-03-21 00:02:50.199] [INFO] pomelo - [32m[D:\chessProject\servers\game-server\node_modules\pomelo\lib\application.js] [39m"connector-server-1" enter after start...
[2017-03-21 00:02:50.202] [INFO] pomelo - [32m[D:\chessProject\servers\game-server\node_modules\pomelo\lib\application.js] [39m"connector-server-1" finish start
[2017-03-21 00:02:50.203] [INFO] pomelo - [32m[D:\chessProject\servers\game-server\node_modules\pomelo\lib\application.js] [39m"connector-server-1" startup in 368 ms
[2017-03-21 00:02:50.291] [DEBUG] pomelo - [36m[D:\chessProject\servers\game-server\node_modules\pomelo\lib\modules\monitorwatcher.js] [39m[connector-server-1] receive addServer signal: {"action":"addServer","server":{"main":"D:\\chessProject\\servers\\game-server\\app.js","env":"development","id":"gate-server-1","host":"127.0.0.1","clientHost":"127.0.0.1","clientPort":3014,"frontend":"true","args":"--debug=3122","serverType":"gate","pid":1592}}
[2017-03-21 00:03:20.153] [INFO] pomelo - [32m[D:\chessProject\servers\game-server\node_modules\pomelo\lib\application.js] [39mapplication inited: "connector-server-1"
[2017-03-21 00:03:20.572] [INFO] pomelo - [32m[D:\chessProject\servers\game-server\node_modules\pomelo\lib\application.js] [39m"connector-server-1" enter after start...
[2017-03-21 00:03:20.575] [INFO] pomelo - [32m[D:\chessProject\servers\game-server\node_modules\pomelo\lib\application.js] [39m"connector-server-1" finish start
[2017-03-21 00:03:20.575] [INFO] pomelo - [32m[D:\chessProject\servers\game-server\node_modules\pomelo\lib\application.js] [39m"connector-server-1" startup in 369 ms
[2017-03-21 00:03:21.350] [DEBUG] pomelo - [36m[D:\chessProject\servers\game-server\node_modules\pomelo\lib\modules\monitorwatcher.js] [39m[connector-server-1] receive addServer signal: {"action":"addServer","server":{"main":"D:\\chessProject\\servers\\game-server\\app.js","env":"development","id":"gate-server-1","host":"127.0.0.1","clientHost":"127.0.0.1","clientPort":3014,"frontend":"true","args":"--debug=3122","serverType":"gate","pid":3284}}
[2017-03-21 00:05:09.295] [INFO] pomelo - [32m[D:\chessProject\servers\game-server\node_modules\pomelo\lib\application.js] [39mapplication inited: "connector-server-1"
[2017-03-21 00:05:09.745] [INFO] pomelo - [32m[D:\chessProject\servers\game-server\node_modules\pomelo\lib\application.js] [39m"connector-server-1" enter after start...
[2017-03-21 00:05:09.749] [INFO] pomelo - [32m[D:\chessProject\servers\game-server\node_modules\pomelo\lib\application.js] [39m"connector-server-1" finish start
[2017-03-21 00:05:09.749] [INFO] pomelo - [32m[D:\chessProject\servers\game-server\node_modules\pomelo\lib\application.js] [39m"connector-server-1" startup in 395 ms
[2017-03-21 00:05:11.436] [DEBUG] pomelo - [36m[D:\chessProject\servers\game-server\node_modules\pomelo\lib\modules\monitorwatcher.js] [39m[connector-server-1] receive addServer signal: {"action":"addServer","server":{"main":"D:\\chessProject\\servers\\game-server\\app.js","env":"development","id":"gate-server-1","host":"127.0.0.1","clientHost":"127.0.0.1","clientPort":3014,"frontend":"true","args":"--debug=3122","serverType":"gate","pid":6084}}
[2017-03-21 00:08:42.718] [DEBUG] pomelo - [36m[D:\chessProject\servers\game-server\node_modules\pomelo\lib\components\connector.js] [39m[connector-server-1] getSession session is created with session id: 1
[2017-03-21 00:08:42.737] [DEBUG] pomelo - [36m[D:\chessProject\servers\game-server\node_modules\pomelo\lib\components\connector.js] [39m[connector-server-1] handleMessage session id: 1, msg: {"id":1,"type":0,"compressRoute":0,"route":"gate.gateHandler.queryEntry","body":"{'uid':'fisher'}","compressGzip":0}
[2017-03-21 00:08:42.741] [ERROR] pomelo - [31m[D:\chessProject\servers\game-server\node_modules\pomelo\lib\server\server.js] [39mfail to forward message:TypeError: Cannot read property 'forwardMessage' of undefined
    at doForward (D:\chessProject\servers\game-server\node_modules\pomelo\lib\server\server.js:334:49)
    at dispatch (D:\chessProject\servers\game-server\node_modules\pomelo\lib\server\server.js:103:7)
    at next (D:\chessProject\servers\game-server\node_modules\pomelo\lib\common\service\filterService.js:50:7)
    at Service.beforeFilter (D:\chessProject\servers\game-server\node_modules\pomelo\lib\common\service\filterService.js:65:3)
    at beforeFilter (D:\chessProject\servers\game-server\node_modules\pomelo\lib\server\server.js:242:8)
    at pro.globalHandle (D:\chessProject\servers\game-server\node_modules\pomelo\lib\server\server.js:112:3)
    at Component.globalHandle (D:\chessProject\servers\game-server\node_modules\pomelo\lib\components\server.js:74:14)
    at handleMessage (D:\chessProject\servers\game-server\node_modules\pomelo\lib\components\connector.js:381:15)
    at null.<anonymous> (D:\chessProject\servers\game-server\node_modules\pomelo\lib\components\connector.js:284:5)
    at emitOne (events.js:77:13)
[2017-03-21 00:08:42.741] [DEBUG] pomelo - [36m[D:\chessProject\servers\game-server\node_modules\pomelo\lib\components\connector.js] [39m[connector-server-1] send message reqId: 1, route: gate.gateHandler.queryEntry, msg: {"code":500}, receivers: [1], opts: {"type":"response","userOptions":{},"isResponse":true}
[2017-03-21 00:08:51.473] [DEBUG] pomelo - [36m[D:\chessProject\servers\game-server\node_modules\pomelo\lib\components\connector.js] [39m[connector-server-1] getSession session is created with session id: 2
[2017-03-21 00:08:51.485] [DEBUG] pomelo - [36m[D:\chessProject\servers\game-server\node_modules\pomelo\lib\components\connector.js] [39m[connector-server-1] handleMessage session id: 2, msg: {"id":2,"type":0,"compressRoute":0,"route":"gate.gateHandler.queryEntry","body":"{'uid':'fisher'}","compressGzip":0}
[2017-03-21 00:08:51.487] [ERROR] pomelo - [31m[D:\chessProject\servers\game-server\node_modules\pomelo\lib\server\server.js] [39mfail to forward message:TypeError: Cannot read property 'forwardMessage' of undefined
    at doForward (D:\chessProject\servers\game-server\node_modules\pomelo\lib\server\server.js:334:49)
    at dispatch (D:\chessProject\servers\game-server\node_modules\pomelo\lib\server\server.js:103:7)
    at next (D:\chessProject\servers\game-server\node_modules\pomelo\lib\common\service\filterService.js:50:7)
    at Service.beforeFilter (D:\chessProject\servers\game-server\node_modules\pomelo\lib\common\service\filterService.js:65:3)
    at beforeFilter (D:\chessProject\servers\game-server\node_modules\pomelo\lib\server\server.js:242:8)
    at pro.globalHandle (D:\chessProject\servers\game-server\node_modules\pomelo\lib\server\server.js:112:3)
    at Component.globalHandle (D:\chessProject\servers\game-server\node_modules\pomelo\lib\components\server.js:74:14)
    at handleMessage (D:\chessProject\servers\game-server\node_modules\pomelo\lib\components\connector.js:381:15)
    at null.<anonymous> (D:\chessProject\servers\game-server\node_modules\pomelo\lib\components\connector.js:284:5)
    at emitOne (events.js:77:13)
[2017-03-21 00:08:51.487] [DEBUG] pomelo - [36m[D:\chessProject\servers\game-server\node_modules\pomelo\lib\components\connector.js] [39m[connector-server-1] send message reqId: 2, route: gate.gateHandler.queryEntry, msg: {"code":500}, receivers: [2], opts: {"type":"response","userOptions":{},"isResponse":true}
[2017-03-21 00:08:58.558] [DEBUG] pomelo - [36m[D:\chessProject\servers\game-server\node_modules\pomelo\lib\components\connector.js] [39m[connector-server-1] getSession session is created with session id: 3
[2017-03-21 00:08:58.566] [DEBUG] pomelo - [36m[D:\chessProject\servers\game-server\node_modules\pomelo\lib\components\connector.js] [39m[connector-server-1] handleMessage session id: 3, msg: {"id":3,"type":0,"compressRoute":0,"route":"gate.gateHandler.queryEntry","body":"{'uid':'fisher'}","compressGzip":0}
[2017-03-21 00:08:58.567] [ERROR] pomelo - [31m[D:\chessProject\servers\game-server\node_modules\pomelo\lib\server\server.js] [39mfail to forward message:TypeError: Cannot read property 'forwardMessage' of undefined
    at doForward (D:\chessProject\servers\game-server\node_modules\pomelo\lib\server\server.js:334:49)
    at dispatch (D:\chessProject\servers\game-server\node_modules\pomelo\lib\server\server.js:103:7)
    at next (D:\chessProject\servers\game-server\node_modules\pomelo\lib\common\service\filterService.js:50:7)
    at Service.beforeFilter (D:\chessProject\servers\game-server\node_modules\pomelo\lib\common\service\filterService.js:65:3)
    at beforeFilter (D:\chessProject\servers\game-server\node_modules\pomelo\lib\server\server.js:242:8)
    at pro.globalHandle (D:\chessProject\servers\game-server\node_modules\pomelo\lib\server\server.js:112:3)
    at Component.globalHandle (D:\chessProject\servers\game-server\node_modules\pomelo\lib\components\server.js:74:14)
    at handleMessage (D:\chessProject\servers\game-server\node_modules\pomelo\lib\components\connector.js:381:15)
    at null.<anonymous> (D:\chessProject\servers\game-server\node_modules\pomelo\lib\components\connector.js:284:5)
    at emitOne (events.js:77:13)
[2017-03-21 00:08:58.568] [DEBUG] pomelo - [36m[D:\chessProject\servers\game-server\node_modules\pomelo\lib\components\connector.js] [39m[connector-server-1] send message reqId: 3, route: gate.gateHandler.queryEntry, msg: {"code":500}, receivers: [3], opts: {"type":"response","userOptions":{},"isResponse":true}
[2017-03-21 00:09:33.608] [DEBUG] pomelo - [36m[D:\chessProject\servers\game-server\node_modules\pomelo\lib\common\service\sessionService.js] [39msession on [connector-server-1] is closed with session id: 3
[2017-03-21 00:09:33.610] [DEBUG] pomelo - [36m[D:\chessProject\servers\game-server\node_modules\pomelo\lib\common\service\sessionService.js] [39msession on [connector-server-1] is closed with session id: 1
[2017-03-21 00:09:33.610] [DEBUG] pomelo - [36m[D:\chessProject\servers\game-server\node_modules\pomelo\lib\common\service\sessionService.js] [39msession on [connector-server-1] is closed with session id: 2
[2017-03-21 22:33:46.697] [INFO] pomelo - [32m[D:\chessProject\servers\game-server\node_modules\pomelo\lib\application.js] [39mapplication inited: "connector-server-1"
[2017-03-21 22:33:47.498] [INFO] pomelo - [32m[D:\chessProject\servers\game-server\node_modules\pomelo\lib\application.js] [39m"connector-server-1" enter after start...
[2017-03-21 22:33:47.501] [INFO] pomelo - [32m[D:\chessProject\servers\game-server\node_modules\pomelo\lib\application.js] [39m"connector-server-1" finish start
[2017-03-21 22:33:47.501] [INFO] pomelo - [32m[D:\chessProject\servers\game-server\node_modules\pomelo\lib\application.js] [39m"connector-server-1" startup in 705 ms
[2017-03-21 22:33:47.563] [DEBUG] pomelo - [36m[D:\chessProject\servers\game-server\node_modules\pomelo\lib\modules\monitorwatcher.js] [39m[connector-server-1] receive addServer signal: {"action":"addServer","server":{"main":"D:\\chessProject\\servers\\game-server\\app.js","env":"development","id":"gate-server-1","host":"127.0.0.1","clientHost":"127.0.0.1","clientPort":3014,"frontend":"true","args":"--debug=3122","serverType":"gate","pid":6684}}
[2017-03-21 22:34:34.003] [INFO] pomelo - [32m[D:\chessProject\servers\game-server\node_modules\pomelo\lib\application.js] [39mapplication inited: "connector-server-1"
[2017-03-21 22:34:34.441] [INFO] pomelo - [32m[D:\chessProject\servers\game-server\node_modules\pomelo\lib\application.js] [39m"connector-server-1" enter after start...
[2017-03-21 22:34:34.445] [INFO] pomelo - [32m[D:\chessProject\servers\game-server\node_modules\pomelo\lib\application.js] [39m"connector-server-1" finish start
[2017-03-21 22:34:34.445] [INFO] pomelo - [32m[D:\chessProject\servers\game-server\node_modules\pomelo\lib\application.js] [39m"connector-server-1" startup in 389 ms
[2017-03-21 22:34:34.500] [DEBUG] pomelo - [36m[D:\chessProject\servers\game-server\node_modules\pomelo\lib\modules\monitorwatcher.js] [39m[connector-server-1] receive addServer signal: {"action":"addServer","server":{"main":"D:\\chessProject\\servers\\game-server\\app.js","env":"development","id":"gate-server-1","host":"127.0.0.1","clientHost":"127.0.0.1","clientPort":3014,"frontend":"true","args":"--debug=3122","serverType":"gate","pid":6608}}
[2017-03-21 22:44:58.354] [INFO] pomelo - [32m[D:\chessProject\servers\game-server\node_modules\pomelo\lib\application.js] [39mapplication inited: "connector-server-1"
[2017-03-21 22:44:58.749] [INFO] pomelo - [32m[D:\chessProject\servers\game-server\node_modules\pomelo\lib\application.js] [39m"connector-server-1" enter after start...
[2017-03-21 22:44:58.752] [INFO] pomelo - [32m[D:\chessProject\servers\game-server\node_modules\pomelo\lib\application.js] [39m"connector-server-1" finish start
[2017-03-21 22:44:58.752] [INFO] pomelo - [32m[D:\chessProject\servers\game-server\node_modules\pomelo\lib\application.js] [39m"connector-server-1" startup in 346 ms
[2017-03-21 22:45:00.419] [DEBUG] pomelo - [36m[D:\chessProject\servers\game-server\node_modules\pomelo\lib\modules\monitorwatcher.js] [39m[connector-server-1] receive addServer signal: {"action":"addServer","server":{"main":"D:\\chessProject\\servers\\game-server\\app.js","env":"development","id":"gate-server-1","host":"127.0.0.1","clientHost":"127.0.0.1","clientPort":3014,"frontend":"true","args":"--debug=3122","serverType":"gate","pid":5344}}
[2017-03-21 22:45:50.324] [INFO] pomelo - [32m[D:\chessProject\servers\game-server\node_modules\pomelo\lib\application.js] [39mapplication inited: "connector-server-1"
[2017-03-21 22:45:50.733] [INFO] pomelo - [32m[D:\chessProject\servers\game-server\node_modules\pomelo\lib\application.js] [39m"connector-server-1" enter after start...
[2017-03-21 22:45:50.736] [INFO] pomelo - [32m[D:\chessProject\servers\game-server\node_modules\pomelo\lib\application.js] [39m"connector-server-1" finish start
[2017-03-21 22:45:50.736] [INFO] pomelo - [32m[D:\chessProject\servers\game-server\node_modules\pomelo\lib\application.js] [39m"connector-server-1" startup in 360 ms
[2017-03-21 22:45:50.825] [DEBUG] pomelo - [36m[D:\chessProject\servers\game-server\node_modules\pomelo\lib\modules\monitorwatcher.js] [39m[connector-server-1] receive addServer signal: {"action":"addServer","server":{"main":"D:\\chessProject\\servers\\game-server\\app.js","env":"development","id":"gate-server-1","host":"127.0.0.1","clientHost":"127.0.0.1","clientPort":3014,"frontend":"true","args":"--debug=3122","serverType":"gate","pid":3996}}
[2017-03-21 22:50:14.167] [INFO] pomelo - [32m[D:\chessProject\servers\game-server\node_modules\pomelo\lib\application.js] [39mapplication inited: "connector-server-1"
[2017-03-21 22:50:14.577] [INFO] pomelo - [32m[D:\chessProject\servers\game-server\node_modules\pomelo\lib\application.js] [39m"connector-server-1" enter after start...
[2017-03-21 22:50:14.580] [INFO] pomelo - [32m[D:\chessProject\servers\game-server\node_modules\pomelo\lib\application.js] [39m"connector-server-1" finish start
[2017-03-21 22:50:14.580] [INFO] pomelo - [32m[D:\chessProject\servers\game-server\node_modules\pomelo\lib\application.js] [39m"connector-server-1" startup in 362 ms
[2017-03-21 22:50:14.670] [DEBUG] pomelo - [36m[D:\chessProject\servers\game-server\node_modules\pomelo\lib\modules\monitorwatcher.js] [39m[connector-server-1] receive addServer signal: {"action":"addServer","server":{"main":"D:\\chessProject\\servers\\game-server\\app.js","env":"development","id":"gate-server-1","host":"127.0.0.1","clientHost":"127.0.0.1","clientPort":3014,"frontend":"true","args":"--debug=3122","serverType":"gate","pid":3064}}
[2017-03-21 22:54:25.794] [INFO] pomelo - [32m[D:\chessProject\servers\game-server\node_modules\pomelo\lib\application.js] [39mapplication inited: "connector-server-1"
[2017-03-21 22:54:26.207] [INFO] pomelo - [32m[D:\chessProject\servers\game-server\node_modules\pomelo\lib\application.js] [39m"connector-server-1" enter after start...
[2017-03-21 22:54:26.210] [INFO] pomelo - [32m[D:\chessProject\servers\game-server\node_modules\pomelo\lib\application.js] [39m"connector-server-1" finish start
[2017-03-21 22:54:26.211] [INFO] pomelo - [32m[D:\chessProject\servers\game-server\node_modules\pomelo\lib\application.js] [39m"connector-server-1" startup in 366 ms
[2017-03-21 22:54:26.302] [DEBUG] pomelo - [36m[D:\chessProject\servers\game-server\node_modules\pomelo\lib\modules\monitorwatcher.js] [39m[connector-server-1] receive addServer signal: {"action":"addServer","server":{"main":"D:\\chessProject\\servers\\game-server\\app.js","env":"development","id":"gate-server-1","host":"127.0.0.1","clientHost":"127.0.0.1","clientPort":3014,"frontend":"true","args":"--debug=3122","serverType":"gate","pid":5688}}
[2017-03-21 22:54:29.495] [INFO] pomelo - [32m[D:\chessProject\servers\game-server\node_modules\pomelo\lib\application.js] [39mapplication inited: "connector-server-1"
[2017-03-21 22:54:29.914] [INFO] pomelo - [32m[D:\chessProject\servers\game-server\node_modules\pomelo\lib\application.js] [39m"connector-server-1" enter after start...
[2017-03-21 22:54:29.917] [INFO] pomelo - [32m[D:\chessProject\servers\game-server\node_modules\pomelo\lib\application.js] [39m"connector-server-1" finish start
[2017-03-21 22:54:29.917] [INFO] pomelo - [32m[D:\chessProject\servers\game-server\node_modules\pomelo\lib\application.js] [39m"connector-server-1" startup in 370 ms
[2017-03-21 22:54:29.999] [DEBUG] pomelo - [36m[D:\chessProject\servers\game-server\node_modules\pomelo\lib\modules\monitorwatcher.js] [39m[connector-server-1] receive addServer signal: {"action":"addServer","server":{"main":"D:\\chessProject\\servers\\game-server\\app.js","env":"development","id":"gate-server-1","host":"127.0.0.1","clientHost":"127.0.0.1","clientPort":3014,"frontend":"true","args":"--debug=3122","serverType":"gate","pid":6304}}
[2017-03-21 22:56:46.294] [INFO] pomelo - [32m[D:\chessProject\servers\game-server\node_modules\pomelo\lib\application.js] [39mapplication inited: "connector-server-1"
[2017-03-21 22:56:46.716] [INFO] pomelo - [32m[D:\chessProject\servers\game-server\node_modules\pomelo\lib\application.js] [39m"connector-server-1" enter after start...
[2017-03-21 22:56:46.719] [INFO] pomelo - [32m[D:\chessProject\servers\game-server\node_modules\pomelo\lib\application.js] [39m"connector-server-1" finish start
[2017-03-21 22:56:46.720] [INFO] pomelo - [32m[D:\chessProject\servers\game-server\node_modules\pomelo\lib\application.js] [39m"connector-server-1" startup in 373 ms
[2017-03-21 22:56:46.807] [DEBUG] pomelo - [36m[D:\chessProject\servers\game-server\node_modules\pomelo\lib\modules\monitorwatcher.js] [39m[connector-server-1] receive addServer signal: {"action":"addServer","server":{"main":"D:\\chessProject\\servers\\game-server\\app.js","env":"development","id":"gate-server-1","host":"127.0.0.1","clientHost":"127.0.0.1","clientPort":3014,"frontend":"true","args":"--debug=3122","serverType":"gate","pid":2448}}
[2017-03-21 22:58:37.681] [INFO] pomelo - [32m[D:\chessProject\servers\game-server\node_modules\pomelo\lib\application.js] [39mapplication inited: "connector-server-1"
[2017-03-21 22:58:38.098] [INFO] pomelo - [32m[D:\chessProject\servers\game-server\node_modules\pomelo\lib\application.js] [39m"connector-server-1" enter after start...
[2017-03-21 22:58:38.101] [INFO] pomelo - [32m[D:\chessProject\servers\game-server\node_modules\pomelo\lib\application.js] [39m"connector-server-1" finish start
[2017-03-21 22:58:38.102] [INFO] pomelo - [32m[D:\chessProject\servers\game-server\node_modules\pomelo\lib\application.js] [39m"connector-server-1" startup in 368 ms
[2017-03-21 22:58:38.191] [DEBUG] pomelo - [36m[D:\chessProject\servers\game-server\node_modules\pomelo\lib\modules\monitorwatcher.js] [39m[connector-server-1] receive addServer signal: {"action":"addServer","server":{"main":"D:\\chessProject\\servers\\game-server\\app.js","env":"development","id":"gate-server-1","host":"127.0.0.1","clientHost":"127.0.0.1","clientPort":3014,"frontend":"true","args":"--debug=3122","serverType":"gate","pid":6424}}
[2017-03-21 23:07:38.576] [INFO] pomelo - [32m[D:\chessProject\servers\game-server\node_modules\pomelo\lib\application.js] [39mapplication inited: "connector-server-1"
[2017-03-21 23:07:38.990] [INFO] pomelo - [32m[D:\chessProject\servers\game-server\node_modules\pomelo\lib\application.js] [39m"connector-server-1" enter after start...
[2017-03-21 23:07:38.993] [INFO] pomelo - [32m[D:\chessProject\servers\game-server\node_modules\pomelo\lib\application.js] [39m"connector-server-1" finish start
[2017-03-21 23:07:38.994] [INFO] pomelo - [32m[D:\chessProject\servers\game-server\node_modules\pomelo\lib\application.js] [39m"connector-server-1" startup in 366 ms
[2017-03-21 23:07:39.088] [DEBUG] pomelo - [36m[D:\chessProject\servers\game-server\node_modules\pomelo\lib\modules\monitorwatcher.js] [39m[connector-server-1] receive addServer signal: {"action":"addServer","server":{"main":"D:\\chessProject\\servers\\game-server\\app.js","env":"development","id":"gate-server-1","host":"127.0.0.1","clientHost":"127.0.0.1","clientPort":3014,"frontend":"true","args":"--debug=3122","serverType":"gate","pid":5320}}
[2017-03-21 23:14:40.271] [INFO] pomelo - [32m[D:\chessProject\servers\game-server\node_modules\pomelo\lib\application.js] [39mapplication inited: "connector-server-1"
[2017-03-21 23:14:40.681] [INFO] pomelo - [32m[D:\chessProject\servers\game-server\node_modules\pomelo\lib\application.js] [39m"connector-server-1" enter after start...
[2017-03-21 23:14:40.684] [INFO] pomelo - [32m[D:\chessProject\servers\game-server\node_modules\pomelo\lib\application.js] [39m"connector-server-1" finish start
[2017-03-21 23:14:40.684] [INFO] pomelo - [32m[D:\chessProject\servers\game-server\node_modules\pomelo\lib\application.js] [39m"connector-server-1" startup in 362 ms
[2017-03-21 23:14:40.774] [DEBUG] pomelo - [36m[D:\chessProject\servers\game-server\node_modules\pomelo\lib\modules\monitorwatcher.js] [39m[connector-server-1] receive addServer signal: {"action":"addServer","server":{"main":"D:\\chessProject\\servers\\game-server\\app.js","env":"development","id":"gate-server-1","host":"127.0.0.1","clientHost":"127.0.0.1","clientPort":3014,"frontend":"true","args":"--debug=3122","serverType":"gate","pid":7068}}
[2017-03-21 23:14:52.756] [INFO] pomelo - [32m[D:\chessProject\servers\game-server\node_modules\pomelo\lib\application.js] [39mapplication inited: "connector-server-1"
[2017-03-21 23:14:53.164] [INFO] pomelo - [32m[D:\chessProject\servers\game-server\node_modules\pomelo\lib\application.js] [39m"connector-server-1" enter after start...
[2017-03-21 23:14:53.167] [INFO] pomelo - [32m[D:\chessProject\servers\game-server\node_modules\pomelo\lib\application.js] [39m"connector-server-1" finish start
[2017-03-21 23:14:53.168] [INFO] pomelo - [32m[D:\chessProject\servers\game-server\node_modules\pomelo\lib\application.js] [39m"connector-server-1" startup in 361 ms
[2017-03-21 23:14:53.262] [DEBUG] pomelo - [36m[D:\chessProject\servers\game-server\node_modules\pomelo\lib\modules\monitorwatcher.js] [39m[connector-server-1] receive addServer signal: {"action":"addServer","server":{"main":"D:\\chessProject\\servers\\game-server\\app.js","env":"development","id":"gate-server-1","host":"127.0.0.1","clientHost":"127.0.0.1","clientPort":3014,"frontend":"true","args":"--debug=3122","serverType":"gate","pid":6388}}
[2017-03-21 23:39:15.136] [INFO] pomelo - [32m[D:\chessProject\servers\game-server\node_modules\pomelo\lib\application.js] [39mapplication inited: "connector-server-1"
[2017-03-21 23:39:15.572] [INFO] pomelo - [32m[D:\chessProject\servers\game-server\node_modules\pomelo\lib\application.js] [39m"connector-server-1" enter after start...
[2017-03-21 23:39:15.575] [INFO] pomelo - [32m[D:\chessProject\servers\game-server\node_modules\pomelo\lib\application.js] [39m"connector-server-1" finish start
[2017-03-21 23:39:15.575] [INFO] pomelo - [32m[D:\chessProject\servers\game-server\node_modules\pomelo\lib\application.js] [39m"connector-server-1" startup in 383 ms
[2017-03-21 23:39:15.661] [DEBUG] pomelo - [36m[D:\chessProject\servers\game-server\node_modules\pomelo\lib\modules\monitorwatcher.js] [39m[connector-server-1] receive addServer signal: {"action":"addServer","server":{"main":"D:\\chessProject\\servers\\game-server\\app.js","env":"development","id":"gate-server-1","host":"127.0.0.1","clientHost":"127.0.0.1","clientPort":3014,"frontend":"true","args":"--debug=3122","serverType":"gate","pid":3848}}
[2017-03-21 23:46:47.560] [INFO] pomelo - [32m[D:\chessProject\servers\game-server\node_modules\pomelo\lib\application.js] [39mapplication inited: "connector-server-1"
[2017-03-21 23:46:48.033] [INFO] pomelo - [32m[D:\chessProject\servers\game-server\node_modules\pomelo\lib\application.js] [39m"connector-server-1" enter after start...
[2017-03-21 23:46:48.037] [INFO] pomelo - [32m[D:\chessProject\servers\game-server\node_modules\pomelo\lib\application.js] [39m"connector-server-1" finish start
[2017-03-21 23:46:48.037] [INFO] pomelo - [32m[D:\chessProject\servers\game-server\node_modules\pomelo\lib\application.js] [39m"connector-server-1" startup in 418 ms
[2017-03-21 23:46:48.924] [DEBUG] pomelo - [36m[D:\chessProject\servers\game-server\node_modules\pomelo\lib\modules\monitorwatcher.js] [39m[connector-server-1] receive addServer signal: {"action":"addServer","server":{"main":"D:\\chessProject\\servers\\game-server\\app.js","env":"development","id":"gate-server-1","host":"127.0.0.1","clientHost":"127.0.0.1","clientPort":3014,"frontend":"true","args":"--debug=3122","serverType":"gate","pid":4780}}
[2017-03-21 23:49:27.451] [INFO] pomelo - [32m[D:\chessProject\servers\game-server\node_modules\pomelo\lib\application.js] [39mapplication inited: "connector-server-1"
[2017-03-21 23:49:29.141] [INFO] pomelo - [32m[D:\chessProject\servers\game-server\node_modules\pomelo\lib\application.js] [39m"connector-server-1" enter after start...
[2017-03-21 23:49:29.148] [INFO] pomelo - [32m[D:\chessProject\servers\game-server\node_modules\pomelo\lib\application.js] [39m"connector-server-1" finish start
[2017-03-21 23:50:24.312] [INFO] pomelo - [32m[D:\chessProject\servers\game-server\node_modules\pomelo\lib\application.js] [39m"connector-server-1" startup in 56745 ms
[2017-03-22 23:46:08.508] [INFO] pomelo - [32m[D:\chessProject\servers\game-server\node_modules\pomelo\lib\application.js] [39mapplication inited: "connector-server-1"
[2017-03-22 23:46:08.947] [INFO] pomelo - [32m[D:\chessProject\servers\game-server\node_modules\pomelo\lib\application.js] [39m"connector-server-1" enter after start...
[2017-03-22 23:46:08.950] [INFO] pomelo - [32m[D:\chessProject\servers\game-server\node_modules\pomelo\lib\application.js] [39m"connector-server-1" finish start
[2017-03-22 23:46:08.950] [INFO] pomelo - [32m[D:\chessProject\servers\game-server\node_modules\pomelo\lib\application.js] [39m"connector-server-1" startup in 379 ms
[2017-03-22 23:46:09.051] [DEBUG] pomelo - [36m[D:\chessProject\servers\game-server\node_modules\pomelo\lib\modules\monitorwatcher.js] [39m[connector-server-1] receive addServer signal: {"action":"addServer","server":{"main":"D:\\chessProject\\servers\\game-server\\app.js","env":"development","id":"gate-server-1","host":"127.0.0.1","clientHost":"127.0.0.1","clientPort":3014,"frontend":"true","args":"--debug=3122","serverType":"gate","pid":772}}
[2017-03-22 23:46:36.654] [INFO] pomelo - [32m[D:\chessProject\servers\game-server\node_modules\pomelo\lib\application.js] [39mapplication inited: "connector-server-1"
[2017-03-22 23:46:37.100] [INFO] pomelo - [32m[D:\chessProject\servers\game-server\node_modules\pomelo\lib\application.js] [39m"connector-server-1" enter after start...
[2017-03-22 23:46:37.104] [INFO] pomelo - [32m[D:\chessProject\servers\game-server\node_modules\pomelo\lib\application.js] [39m"connector-server-1" finish start
[2017-03-22 23:46:37.104] [INFO] pomelo - [32m[D:\chessProject\servers\game-server\node_modules\pomelo\lib\application.js] [39m"connector-server-1" startup in 397 ms
[2017-03-22 23:46:37.207] [DEBUG] pomelo - [36m[D:\chessProject\servers\game-server\node_modules\pomelo\lib\modules\monitorwatcher.js] [39m[connector-server-1] receive addServer signal: {"action":"addServer","server":{"main":"D:\\chessProject\\servers\\game-server\\app.js","env":"development","id":"gate-server-1","host":"127.0.0.1","clientHost":"127.0.0.1","clientPort":3014,"frontend":"true","args":"--debug=3122","serverType":"gate","pid":5680}}
[2017-03-22 23:47:00.990] [INFO] pomelo - [32m[D:\chessProject\servers\game-server\node_modules\pomelo\lib\application.js] [39mapplication inited: "connector-server-1"
[2017-03-22 23:47:01.423] [INFO] pomelo - [32m[D:\chessProject\servers\game-server\node_modules\pomelo\lib\application.js] [39m"connector-server-1" enter after start...
[2017-03-22 23:47:01.426] [INFO] pomelo - [32m[D:\chessProject\servers\game-server\node_modules\pomelo\lib\application.js] [39m"connector-server-1" finish start
[2017-03-22 23:47:01.427] [INFO] pomelo - [32m[D:\chessProject\servers\game-server\node_modules\pomelo\lib\application.js] [39m"connector-server-1" startup in 379 ms
[2017-03-22 23:47:01.523] [DEBUG] pomelo - [36m[D:\chessProject\servers\game-server\node_modules\pomelo\lib\modules\monitorwatcher.js] [39m[connector-server-1] receive addServer signal: {"action":"addServer","server":{"main":"D:\\chessProject\\servers\\game-server\\app.js","env":"development","id":"gate-server-1","host":"127.0.0.1","clientHost":"127.0.0.1","clientPort":3014,"frontend":"true","args":"--debug=3122","serverType":"gate","pid":9792}}
[2017-03-22 23:50:52.064] [INFO] pomelo - [32m[D:\chessProject\servers\game-server\node_modules\pomelo\lib\application.js] [39mapplication inited: "connector-server-1"
[2017-03-22 23:50:52.537] [INFO] pomelo - [32m[D:\chessProject\servers\game-server\node_modules\pomelo\lib\application.js] [39m"connector-server-1" enter after start...
[2017-03-22 23:50:52.541] [INFO] pomelo - [32m[D:\chessProject\servers\game-server\node_modules\pomelo\lib\application.js] [39m"connector-server-1" finish start
[2017-03-22 23:50:52.541] [INFO] pomelo - [32m[D:\chessProject\servers\game-server\node_modules\pomelo\lib\application.js] [39m"connector-server-1" startup in 419 ms
[2017-03-22 23:50:52.624] [DEBUG] pomelo - [36m[D:\chessProject\servers\game-server\node_modules\pomelo\lib\modules\monitorwatcher.js] [39m[connector-server-1] receive addServer signal: {"action":"addServer","server":{"main":"D:\\chessProject\\servers\\game-server\\app.js","env":"development","id":"gate-server-1","host":"127.0.0.1","clientHost":"127.0.0.1","clientPort":3014,"frontend":"true","args":"--debug=3122","serverType":"gate","pid":4800}}
[2017-03-22 23:51:07.412] [INFO] pomelo - [32m[D:\chessProject\servers\game-server\node_modules\pomelo\lib\application.js] [39mapplication inited: "connector-server-1"
[2017-03-22 23:51:07.867] [INFO] pomelo - [32m[D:\chessProject\servers\game-server\node_modules\pomelo\lib\application.js] [39m"connector-server-1" enter after start...
[2017-03-22 23:51:07.870] [INFO] pomelo - [32m[D:\chessProject\servers\game-server\node_modules\pomelo\lib\application.js] [39m"connector-server-1" finish start
[2017-03-22 23:51:07.870] [INFO] pomelo - [32m[D:\chessProject\servers\game-server\node_modules\pomelo\lib\application.js] [39m"connector-server-1" startup in 391 ms
[2017-03-22 23:51:07.980] [DEBUG] pomelo - [36m[D:\chessProject\servers\game-server\node_modules\pomelo\lib\modules\monitorwatcher.js] [39m[connector-server-1] receive addServer signal: {"action":"addServer","server":{"main":"D:\\chessProject\\servers\\game-server\\app.js","env":"development","id":"gate-server-1","host":"127.0.0.1","clientHost":"127.0.0.1","clientPort":3014,"frontend":"true","args":"--debug=3122","serverType":"gate","pid":6932}}
[2017-03-22 23:53:55.903] [INFO] pomelo - [32m[D:\chessProject\servers\game-server\node_modules\pomelo\lib\application.js] [39mapplication inited: "connector-server-1"
[2017-03-22 23:53:56.317] [INFO] pomelo - [32m[D:\chessProject\servers\game-server\node_modules\pomelo\lib\application.js] [39m"connector-server-1" enter after start...
[2017-03-22 23:53:56.320] [INFO] pomelo - [32m[D:\chessProject\servers\game-server\node_modules\pomelo\lib\application.js] [39m"connector-server-1" finish start
[2017-03-22 23:53:56.320] [INFO] pomelo - [32m[D:\chessProject\servers\game-server\node_modules\pomelo\lib\application.js] [39m"connector-server-1" startup in 354 ms
[2017-03-22 23:53:56.412] [DEBUG] pomelo - [36m[D:\chessProject\servers\game-server\node_modules\pomelo\lib\modules\monitorwatcher.js] [39m[connector-server-1] receive addServer signal: {"action":"addServer","server":{"main":"D:\\chessProject\\servers\\game-server\\app.js","env":"development","id":"gate-server-1","host":"127.0.0.1","clientHost":"127.0.0.1","clientPort":3014,"frontend":"true","args":"--debug=3122","serverType":"gate","pid":8916}}
[2017-03-23 00:08:02.809] [INFO] pomelo - [32m[D:\chessProject\servers\game-server\node_modules\pomelo\lib\application.js] [39mapplication inited: "connector-server-1"
[2017-03-23 00:08:03.227] [INFO] pomelo - [32m[D:\chessProject\servers\game-server\node_modules\pomelo\lib\application.js] [39m"connector-server-1" enter after start...
[2017-03-23 00:08:03.230] [INFO] pomelo - [32m[D:\chessProject\servers\game-server\node_modules\pomelo\lib\application.js] [39m"connector-server-1" finish start
[2017-03-23 00:08:03.230] [INFO] pomelo - [32m[D:\chessProject\servers\game-server\node_modules\pomelo\lib\application.js] [39m"connector-server-1" startup in 368 ms
[2017-03-23 00:08:03.315] [DEBUG] pomelo - [36m[D:\chessProject\servers\game-server\node_modules\pomelo\lib\modules\monitorwatcher.js] [39m[connector-server-1] receive addServer signal: {"action":"addServer","server":{"main":"D:\\chessProject\\servers\\game-server\\app.js","env":"development","id":"gate-server-1","host":"127.0.0.1","clientHost":"127.0.0.1","clientPort":3014,"frontend":"true","args":"--debug=3122","serverType":"gate","pid":3508}}
[2017-03-23 00:28:50.764] [INFO] pomelo - [32m[D:\chessProject\servers\game-server\node_modules\pomelo\lib\application.js] [39mapplication inited: "connector-server-1"
[2017-03-23 00:28:51.185] [INFO] pomelo - [32m[D:\chessProject\servers\game-server\node_modules\pomelo\lib\application.js] [39m"connector-server-1" enter after start...
[2017-03-23 00:28:51.188] [INFO] pomelo - [32m[D:\chessProject\servers\game-server\node_modules\pomelo\lib\application.js] [39m"connector-server-1" finish start
[2017-03-23 00:28:51.189] [INFO] pomelo - [32m[D:\chessProject\servers\game-server\node_modules\pomelo\lib\application.js] [39m"connector-server-1" startup in 366 ms
[2017-03-23 00:28:51.280] [DEBUG] pomelo - [36m[D:\chessProject\servers\game-server\node_modules\pomelo\lib\modules\monitorwatcher.js] [39m[connector-server-1] receive addServer signal: {"action":"addServer","server":{"main":"D:\\chessProject\\servers\\game-server\\app.js","env":"development","id":"gate-server-1","host":"127.0.0.1","clientHost":"127.0.0.1","clientPort":3014,"frontend":"true","args":"--debug=3122","serverType":"gate","pid":7360}}
[2017-03-23 00:30:01.341] [INFO] pomelo - [32m[D:\chessProject\servers\game-server\node_modules\pomelo\lib\application.js] [39mapplication inited: "connector-server-1"
[2017-03-23 00:30:01.761] [INFO] pomelo - [32m[D:\chessProject\servers\game-server\node_modules\pomelo\lib\application.js] [39m"connector-server-1" enter after start...
[2017-03-23 00:30:01.764] [INFO] pomelo - [32m[D:\chessProject\servers\game-server\node_modules\pomelo\lib\application.js] [39m"connector-server-1" finish start
[2017-03-23 00:30:01.764] [INFO] pomelo - [32m[D:\chessProject\servers\game-server\node_modules\pomelo\lib\application.js] [39m"connector-server-1" startup in 369 ms
[2017-03-23 00:30:01.850] [DEBUG] pomelo - [36m[D:\chessProject\servers\game-server\node_modules\pomelo\lib\modules\monitorwatcher.js] [39m[connector-server-1] receive addServer signal: {"action":"addServer","server":{"main":"D:\\chessProject\\servers\\game-server\\app.js","env":"development","id":"gate-server-1","host":"127.0.0.1","clientHost":"127.0.0.1","clientPort":3014,"frontend":"true","args":"--debug=3122","serverType":"gate","pid":8064}}
[2017-03-23 22:12:21.177] [INFO] pomelo - [32m[D:\chessProject\servers\game-server\node_modules\pomelo\lib\application.js] [39mapplication inited: "connector-server-1"
[2017-03-23 22:12:21.904] [INFO] pomelo - [32m[D:\chessProject\servers\game-server\node_modules\pomelo\lib\application.js] [39m"connector-server-1" enter after start...
[2017-03-23 22:12:21.908] [INFO] pomelo - [32m[D:\chessProject\servers\game-server\node_modules\pomelo\lib\application.js] [39m"connector-server-1" finish start
[2017-03-23 22:12:21.908] [INFO] pomelo - [32m[D:\chessProject\servers\game-server\node_modules\pomelo\lib\application.js] [39m"connector-server-1" startup in 532 ms
[2017-03-23 22:12:21.973] [DEBUG] pomelo - [36m[D:\chessProject\servers\game-server\node_modules\pomelo\lib\modules\monitorwatcher.js] [39m[connector-server-1] receive addServer signal: {"action":"addServer","server":{"main":"D:\\chessProject\\servers\\game-server\\app.js","env":"development","id":"gate-server-1","host":"127.0.0.1","clientHost":"127.0.0.1","clientPort":3014,"frontend":"true","args":"--debug=3122","serverType":"gate","pid":5932}}
[2017-03-23 22:24:18.195] [INFO] pomelo - [32m[D:\chessProject\servers\game-server\node_modules\pomelo\lib\application.js] [39mapplication inited: "connector-server-1"
[2017-03-23 22:24:18.610] [INFO] pomelo - [32m[D:\chessProject\servers\game-server\node_modules\pomelo\lib\application.js] [39m"connector-server-1" enter after start...
[2017-03-23 22:24:18.613] [INFO] pomelo - [32m[D:\chessProject\servers\game-server\node_modules\pomelo\lib\application.js] [39m"connector-server-1" finish start
[2017-03-23 22:24:18.613] [INFO] pomelo - [32m[D:\chessProject\servers\game-server\node_modules\pomelo\lib\application.js] [39m"connector-server-1" startup in 366 ms
[2017-03-23 22:24:18.692] [DEBUG] pomelo - [36m[D:\chessProject\servers\game-server\node_modules\pomelo\lib\modules\monitorwatcher.js] [39m[connector-server-1] receive addServer signal: {"action":"addServer","server":{"main":"D:\\chessProject\\servers\\game-server\\app.js","env":"development","id":"gate-server-1","host":"127.0.0.1","clientHost":"127.0.0.1","clientPort":3014,"frontend":"true","args":"--debug=3122","serverType":"gate","pid":6644}}
[2017-03-23 22:57:26.834] [INFO] pomelo - [32m[D:\chessProject\servers\game-server\node_modules\pomelo\lib\application.js] [39mapplication inited: "connector-server-1"
[2017-03-23 22:57:27.250] [INFO] pomelo - [32m[D:\chessProject\servers\game-server\node_modules\pomelo\lib\application.js] [39m"connector-server-1" enter after start...
[2017-03-23 22:57:27.253] [INFO] pomelo - [32m[D:\chessProject\servers\game-server\node_modules\pomelo\lib\application.js] [39m"connector-server-1" finish start
[2017-03-23 22:57:27.253] [INFO] pomelo - [32m[D:\chessProject\servers\game-server\node_modules\pomelo\lib\application.js] [39m"connector-server-1" startup in 366 ms
[2017-03-23 22:57:27.347] [DEBUG] pomelo - [36m[D:\chessProject\servers\game-server\node_modules\pomelo\lib\modules\monitorwatcher.js] [39m[connector-server-1] receive addServer signal: {"action":"addServer","server":{"main":"D:\\chessProject\\servers\\game-server\\app.js","env":"development","id":"gate-server-1","host":"127.0.0.1","clientHost":"127.0.0.1","clientPort":3014,"frontend":"true","args":"--debug=3122","serverType":"gate","pid":7700}}
[2017-03-23 23:28:34.790] [INFO] pomelo - [32m[D:\chessProject\servers\game-server\node_modules\pomelo\lib\application.js] [39mapplication inited: "connector-server-1"
[2017-03-23 23:28:35.201] [INFO] pomelo - [32m[D:\chessProject\servers\game-server\node_modules\pomelo\lib\application.js] [39m"connector-server-1" enter after start...
[2017-03-23 23:28:35.204] [INFO] pomelo - [32m[D:\chessProject\servers\game-server\node_modules\pomelo\lib\application.js] [39m"connector-server-1" finish start
[2017-03-23 23:28:35.205] [INFO] pomelo - [32m[D:\chessProject\servers\game-server\node_modules\pomelo\lib\application.js] [39m"connector-server-1" startup in 365 ms
[2017-03-23 23:28:35.286] [DEBUG] pomelo - [36m[D:\chessProject\servers\game-server\node_modules\pomelo\lib\modules\monitorwatcher.js] [39m[connector-server-1] receive addServer signal: {"action":"addServer","server":{"main":"D:\\chessProject\\servers\\game-server\\app.js","env":"development","id":"gate-server-1","host":"127.0.0.1","clientHost":"127.0.0.1","clientPort":3014,"frontend":"true","args":"--debug=3122","serverType":"gate","pid":7188}}
[2017-03-23 23:32:57.186] [INFO] pomelo - [32m[D:\chessProject\servers\game-server\node_modules\pomelo\lib\application.js] [39mapplication inited: "connector-server-1"
[2017-03-23 23:32:57.593] [INFO] pomelo - [32m[D:\chessProject\servers\game-server\node_modules\pomelo\lib\application.js] [39m"connector-server-1" enter after start...
[2017-03-23 23:32:57.596] [INFO] pomelo - [32m[D:\chessProject\servers\game-server\node_modules\pomelo\lib\application.js] [39m"connector-server-1" finish start
[2017-03-23 23:32:57.596] [INFO] pomelo - [32m[D:\chessProject\servers\game-server\node_modules\pomelo\lib\application.js] [39m"connector-server-1" startup in 359 ms
[2017-03-23 23:32:57.672] [DEBUG] pomelo - [36m[D:\chessProject\servers\game-server\node_modules\pomelo\lib\modules\monitorwatcher.js] [39m[connector-server-1] receive addServer signal: {"action":"addServer","server":{"main":"D:\\chessProject\\servers\\game-server\\app.js","env":"development","id":"gate-server-1","host":"127.0.0.1","clientHost":"127.0.0.1","clientPort":3014,"frontend":"true","args":"--debug=3122","serverType":"gate","pid":7988}}
[2017-03-23 23:33:42.718] [INFO] pomelo - [32m[D:\chessProject\servers\game-server\node_modules\pomelo\lib\application.js] [39mapplication inited: "connector-server-1"
[2017-03-23 23:33:43.129] [INFO] pomelo - [32m[D:\chessProject\servers\game-server\node_modules\pomelo\lib\application.js] [39m"connector-server-1" enter after start...
[2017-03-23 23:33:43.132] [INFO] pomelo - [32m[D:\chessProject\servers\game-server\node_modules\pomelo\lib\application.js] [39m"connector-server-1" finish start
[2017-03-23 23:33:43.133] [INFO] pomelo - [32m[D:\chessProject\servers\game-server\node_modules\pomelo\lib\application.js] [39m"connector-server-1" startup in 363 ms
[2017-03-23 23:33:43.220] [DEBUG] pomelo - [36m[D:\chessProject\servers\game-server\node_modules\pomelo\lib\modules\monitorwatcher.js] [39m[connector-server-1] receive addServer signal: {"action":"addServer","server":{"main":"D:\\chessProject\\servers\\game-server\\app.js","env":"development","id":"gate-server-1","host":"127.0.0.1","clientHost":"127.0.0.1","clientPort":3014,"frontend":"true","args":"--debug=3122","serverType":"gate","pid":3132}}
[2017-03-23 23:34:02.358] [INFO] pomelo - [32m[D:\chessProject\servers\game-server\node_modules\pomelo\lib\application.js] [39mapplication inited: "connector-server-1"
[2017-03-23 23:34:02.805] [INFO] pomelo - [32m[D:\chessProject\servers\game-server\node_modules\pomelo\lib\application.js] [39m"connector-server-1" enter after start...
[2017-03-23 23:34:02.809] [INFO] pomelo - [32m[D:\chessProject\servers\game-server\node_modules\pomelo\lib\application.js] [39m"connector-server-1" finish start
[2017-03-23 23:34:02.809] [INFO] pomelo - [32m[D:\chessProject\servers\game-server\node_modules\pomelo\lib\application.js] [39m"connector-server-1" startup in 396 ms
[2017-03-23 23:34:02.884] [DEBUG] pomelo - [36m[D:\chessProject\servers\game-server\node_modules\pomelo\lib\modules\monitorwatcher.js] [39m[connector-server-1] receive addServer signal: {"action":"addServer","server":{"main":"D:\\chessProject\\servers\\game-server\\app.js","env":"development","id":"gate-server-1","host":"127.0.0.1","clientHost":"127.0.0.1","clientPort":3014,"frontend":"true","args":"--debug=3122","serverType":"gate","pid":5456}}
[2017-03-23 23:34:29.150] [INFO] pomelo - [32m[D:\chessProject\servers\game-server\node_modules\pomelo\lib\application.js] [39mapplication inited: "connector-server-1"
[2017-03-23 23:34:29.601] [INFO] pomelo - [32m[D:\chessProject\servers\game-server\node_modules\pomelo\lib\application.js] [39m"connector-server-1" enter after start...
[2017-03-23 23:34:29.604] [INFO] pomelo - [32m[D:\chessProject\servers\game-server\node_modules\pomelo\lib\application.js] [39m"connector-server-1" finish start
[2017-03-23 23:34:29.604] [INFO] pomelo - [32m[D:\chessProject\servers\game-server\node_modules\pomelo\lib\application.js] [39m"connector-server-1" startup in 402 ms
[2017-03-23 23:34:31.055] [DEBUG] pomelo - [36m[D:\chessProject\servers\game-server\node_modules\pomelo\lib\modules\monitorwatcher.js] [39m[connector-server-1] receive addServer signal: {"action":"addServer","server":{"main":"D:\\chessProject\\servers\\game-server\\app.js","env":"development","id":"gate-server-1","host":"127.0.0.1","clientHost":"127.0.0.1","clientPort":3014,"frontend":"true","args":"--debug=3122","serverType":"gate","pid":7568}}
[2017-03-23 23:35:57.558] [INFO] pomelo - [32m[D:\chessProject\servers\game-server\node_modules\pomelo\lib\application.js] [39mapplication inited: "connector-server-1"
[2017-03-23 23:35:57.969] [INFO] pomelo - [32m[D:\chessProject\servers\game-server\node_modules\pomelo\lib\application.js] [39m"connector-server-1" enter after start...
[2017-03-23 23:35:57.972] [INFO] pomelo - [32m[D:\chessProject\servers\game-server\node_modules\pomelo\lib\application.js] [39m"connector-server-1" finish start
[2017-03-23 23:35:57.972] [INFO] pomelo - [32m[D:\chessProject\servers\game-server\node_modules\pomelo\lib\application.js] [39m"connector-server-1" startup in 360 ms
[2017-03-23 23:35:58.050] [DEBUG] pomelo - [36m[D:\chessProject\servers\game-server\node_modules\pomelo\lib\modules\monitorwatcher.js] [39m[connector-server-1] receive addServer signal: {"action":"addServer","server":{"main":"D:\\chessProject\\servers\\game-server\\app.js","env":"development","id":"gate-server-1","host":"127.0.0.1","clientHost":"127.0.0.1","clientPort":3014,"frontend":"true","args":"--debug=3122","serverType":"gate","pid":8060}}
[2017-03-23 23:38:24.289] [INFO] pomelo - [32m[D:\chessProject\servers\game-server\node_modules\pomelo\lib\application.js] [39mapplication inited: "connector-server-1"
[2017-03-23 23:38:24.694] [INFO] pomelo - [32m[D:\chessProject\servers\game-server\node_modules\pomelo\lib\application.js] [39m"connector-server-1" enter after start...
[2017-03-23 23:38:24.697] [INFO] pomelo - [32m[D:\chessProject\servers\game-server\node_modules\pomelo\lib\application.js] [39m"connector-server-1" finish start
[2017-03-23 23:38:24.698] [INFO] pomelo - [32m[D:\chessProject\servers\game-server\node_modules\pomelo\lib\application.js] [39m"connector-server-1" startup in 358 ms
[2017-03-23 23:38:24.779] [DEBUG] pomelo - [36m[D:\chessProject\servers\game-server\node_modules\pomelo\lib\modules\monitorwatcher.js] [39m[connector-server-1] receive addServer signal: {"action":"addServer","server":{"main":"D:\\chessProject\\servers\\game-server\\app.js","env":"development","id":"gate-server-1","host":"127.0.0.1","clientHost":"127.0.0.1","clientPort":3014,"frontend":"true","args":"--debug=3122","serverType":"gate","pid":8016}}
[2017-03-23 23:51:57.691] [INFO] pomelo - [32m[D:\chessProject\servers\game-server\node_modules\pomelo\lib\application.js] [39mapplication inited: "connector-server-1"
[2017-03-23 23:51:58.100] [INFO] pomelo - [32m[D:\chessProject\servers\game-server\node_modules\pomelo\lib\application.js] [39m"connector-server-1" enter after start...
[2017-03-23 23:51:58.103] [INFO] pomelo - [32m[D:\chessProject\servers\game-server\node_modules\pomelo\lib\application.js] [39m"connector-server-1" finish start
[2017-03-23 23:51:58.104] [INFO] pomelo - [32m[D:\chessProject\servers\game-server\node_modules\pomelo\lib\application.js] [39m"connector-server-1" startup in 362 ms
[2017-03-23 23:51:58.186] [DEBUG] pomelo - [36m[D:\chessProject\servers\game-server\node_modules\pomelo\lib\modules\monitorwatcher.js] [39m[connector-server-1] receive addServer signal: {"action":"addServer","server":{"main":"D:\\chessProject\\servers\\game-server\\app.js","env":"development","id":"gate-server-1","host":"127.0.0.1","clientHost":"127.0.0.1","clientPort":3014,"frontend":"true","args":"--debug=3122","serverType":"gate","pid":7572}}
[2017-03-24 00:08:31.721] [INFO] pomelo - [32m[D:\chessProject\servers\game-server\node_modules\pomelo\lib\application.js] [39mapplication inited: "connector-server-1"
[2017-03-24 00:08:32.123] [INFO] pomelo - [32m[D:\chessProject\servers\game-server\node_modules\pomelo\lib\application.js] [39m"connector-server-1" enter after start...
[2017-03-24 00:08:32.126] [INFO] pomelo - [32m[D:\chessProject\servers\game-server\node_modules\pomelo\lib\application.js] [39m"connector-server-1" finish start
[2017-03-24 00:08:32.127] [INFO] pomelo - [32m[D:\chessProject\servers\game-server\node_modules\pomelo\lib\application.js] [39m"connector-server-1" startup in 355 ms
[2017-03-24 00:08:32.212] [DEBUG] pomelo - [36m[D:\chessProject\servers\game-server\node_modules\pomelo\lib\modules\monitorwatcher.js] [39m[connector-server-1] receive addServer signal: {"action":"addServer","server":{"main":"D:\\chessProject\\servers\\game-server\\app.js","env":"development","id":"gate-server-1","host":"127.0.0.1","clientHost":"127.0.0.1","clientPort":3014,"frontend":"true","args":"--debug=3122","serverType":"gate","pid":7848}}
[2017-03-24 00:12:18.765] [INFO] pomelo - [32m[D:\chessProject\servers\game-server\node_modules\pomelo\lib\application.js] [39mapplication inited: "connector-server-1"
[2017-03-24 00:12:19.107] [INFO] pomelo - [32m[D:\chessProject\servers\game-server\node_modules\pomelo\lib\application.js] [39m"connector-server-1" enter after start...
[2017-03-24 00:12:19.111] [INFO] pomelo - [32m[D:\chessProject\servers\game-server\node_modules\pomelo\lib\application.js] [39m"connector-server-1" finish start
[2017-03-24 00:12:19.111] [INFO] pomelo - [32m[D:\chessProject\servers\game-server\node_modules\pomelo\lib\application.js] [39m"connector-server-1" startup in 296 ms
[2017-03-24 00:12:19.203] [DEBUG] pomelo - [36m[D:\chessProject\servers\game-server\node_modules\pomelo\lib\modules\monitorwatcher.js] [39m[connector-server-1] receive addServer signal: {"action":"addServer","server":{"main":"D:\\chessProject\\servers\\game-server\\app.js","env":"development","id":"gate-server-1","host":"127.0.0.1","clientHost":"127.0.0.1","clientPort":3014,"frontend":"true","args":"--debug=3122","serverType":"gate","pid":2836}}
[2017-03-24 00:19:58.502] [INFO] pomelo - [32m[D:\chessProject\servers\game-server\node_modules\pomelo\lib\application.js] [39mapplication inited: "connector-server-1"
[2017-03-24 00:19:58.941] [INFO] pomelo - [32m[D:\chessProject\servers\game-server\node_modules\pomelo\lib\application.js] [39m"connector-server-1" enter after start...
[2017-03-24 00:19:58.944] [INFO] pomelo - [32m[D:\chessProject\servers\game-server\node_modules\pomelo\lib\application.js] [39m"connector-server-1" finish start
[2017-03-24 00:19:58.944] [INFO] pomelo - [32m[D:\chessProject\servers\game-server\node_modules\pomelo\lib\application.js] [39m"connector-server-1" startup in 387 ms
[2017-03-24 00:19:59.004] [DEBUG] pomelo - [36m[D:\chessProject\servers\game-server\node_modules\pomelo\lib\modules\monitorwatcher.js] [39m[connector-server-1] receive addServer signal: {"action":"addServer","server":{"main":"D:\\chessProject\\servers\\game-server\\app.js","env":"development","id":"gate-server-1","host":"127.0.0.1","clientHost":"127.0.0.1","clientPort":3014,"frontend":"true","args":"--debug=3122","serverType":"gate","pid":6512}}
[2017-03-24 00:30:47.452] [INFO] pomelo - [32m[D:\chessProject\servers\game-server\node_modules\pomelo\lib\application.js] [39mapplication inited: "connector-server-1"
[2017-03-24 00:30:47.860] [INFO] pomelo - [32m[D:\chessProject\servers\game-server\node_modules\pomelo\lib\application.js] [39m"connector-server-1" enter after start...
[2017-03-24 00:30:47.863] [INFO] pomelo - [32m[D:\chessProject\servers\game-server\node_modules\pomelo\lib\application.js] [39m"connector-server-1" finish start
[2017-03-24 00:30:47.863] [INFO] pomelo - [32m[D:\chessProject\servers\game-server\node_modules\pomelo\lib\application.js] [39m"connector-server-1" startup in 361 ms
[2017-03-24 00:30:47.941] [DEBUG] pomelo - [36m[D:\chessProject\servers\game-server\node_modules\pomelo\lib\modules\monitorwatcher.js] [39m[connector-server-1] receive addServer signal: {"action":"addServer","server":{"main":"D:\\chessProject\\servers\\game-server\\app.js","env":"development","id":"gate-server-1","host":"127.0.0.1","clientHost":"127.0.0.1","clientPort":3014,"frontend":"true","args":"--debug=3122","serverType":"gate","pid":9116}}
